#
# There is insufficient memory for the Java Runtime Environment to continue.
# Native memory allocation (malloc) failed to allocate 1375536 bytes for Chunk::new
# Possible reasons:
#   The system is out of physical RAM or swap space
#   The process is running with CompressedOops enabled, and the Java Heap may be blocking the growth of the native heap
# Possible solutions:
#   Reduce memory load on the system
#   Increase physical memory or swap space
#   Check if swap backing store is full
#   Decrease Java heap size (-Xmx/-Xms)
#   Decrease number of Java threads
#   Decrease Java thread stack sizes (-Xss)
#   Set larger code cache with -XX:ReservedCodeCacheSize=
#   JVM is running with Unscaled Compressed Oops mode in which the Java heap is
#     placed in the first 4GB address space. The Java Heap base address is the
#     maximum limit for the native heap growth. Please use -XX:HeapBaseMinAddress
#     to set the Java Heap base and to place the Java Heap above 4GB virtual address.
# This output file may be truncated or incomplete.
#
#  Out of Memory Error (allocation.cpp:389), pid=940, tid=0x0000000000000360
#
# JRE version: OpenJDK Runtime Environment (8.0_242-b01) (build 1.8.0_242-release-1644-b01)
# Java VM: OpenJDK 64-Bit Server VM (25.242-b01 mixed mode windows-amd64 compressed oops)
# Failed to write core dump. Minidumps are not enabled by default on client versions of Windows
#

---------------  T H R E A D  ---------------

Current thread (0x0000000017e55000):  JavaThread "C2 CompilerThread1" daemon [_thread_in_native, id=864, stack(0x0000000019f50000,0x000000001a050000)]

Stack: [0x0000000019f50000,0x000000001a050000]
[error occurred during error reporting (printing stack bounds), id 0xc0000005]

Native frames: (J=compiled Java code, j=interpreted, Vv=VM code, C=native code)


Current CompileTask:
C2:   3123 1463       4       java.net.URLClassLoader$1::run (5 bytes)


---------------  P R O C E S S  ---------------

Java Threads: ( => current thread )
  0x000000001bf09800 JavaThread "Cache worker for file hash cache (C:\Android_Avd_Gradle\.gradle\caches\6.5\fileHashes)" [_thread_blocked, id=10760, stack(0x000000001dff0000,0x000000001e0f0000)]
  0x000000001bf05800 JavaThread "File lock request listener" [_thread_in_native, id=8956, stack(0x000000001def0000,0x000000001dff0000)]
  0x000000001be1b000 JavaThread "Cache worker for journal cache (C:\Android_Avd_Gradle\.gradle\caches\journal-1)" [_thread_blocked, id=17692, stack(0x000000001ddf0000,0x000000001def0000)]
  0x000000001bd65800 JavaThread "Thread-9" [_thread_blocked, id=24668, stack(0x000000001daf0000,0x000000001dbf0000)]
  0x000000001bd62800 JavaThread "Stdin handler" [_thread_blocked, id=8580, stack(0x000000001d9f0000,0x000000001daf0000)]
  0x000000001bd60800 JavaThread "Asynchronous log dispatcher for DefaultDaemonConnection: socket connection from /127.0.0.1:59825 to /127.0.0.1:59829" [_thread_blocked, id=22088, stack(0x000000001d8f0000,0x000000001d9f0000)]
  0x000000001bd58800 JavaThread "Daemon worker" [_thread_in_native, id=13300, stack(0x000000001d7f0000,0x000000001d8f0000)]
  0x000000001bd54800 JavaThread "Cancel handler" [_thread_blocked, id=21748, stack(0x000000001d6f0000,0x000000001d7f0000)]
  0x000000001ada0800 JavaThread "Handler for socket connection from /127.0.0.1:59825 to /127.0.0.1:59829" [_thread_in_native, id=7508, stack(0x000000001d5f0000,0x000000001d6f0000)]
  0x000000001ad9f800 JavaThread "Daemon" [_thread_blocked, id=16148, stack(0x000000001d4f0000,0x000000001d5f0000)]
  0x000000001a606800 JavaThread "Daemon periodic checks" [_thread_blocked, id=14488, stack(0x000000001d1f0000,0x000000001d2f0000)]
  0x000000001b1fe800 JavaThread "Incoming local TCP Connector on port 59825" [_thread_in_native, id=15036, stack(0x000000001d010000,0x000000001d110000)]
  0x000000001a39a800 JavaThread "Daemon health stats" [_thread_blocked, id=23892, stack(0x000000001ccf0000,0x000000001cdf0000)]
  0x0000000017e5d000 JavaThread "Service Thread" daemon [_thread_blocked, id=22232, stack(0x000000001a150000,0x000000001a250000)]
  0x0000000017e5c000 JavaThread "C1 CompilerThread2" daemon [_thread_in_native, id=16216, stack(0x000000001a050000,0x000000001a150000)]
=>0x0000000017e55000 JavaThread "C2 CompilerThread1" daemon [_thread_in_native, id=864, stack(0x0000000019f50000,0x000000001a050000)]
  0x0000000017e52000 JavaThread "C2 CompilerThread0" daemon [_thread_in_native, id=23760, stack(0x0000000019e50000,0x0000000019f50000)]
  0x00000000198a3000 JavaThread "Attach Listener" daemon [_thread_blocked, id=21512, stack(0x0000000019d50000,0x0000000019e50000)]
  0x00000000198a2000 JavaThread "Signal Dispatcher" daemon [_thread_blocked, id=5496, stack(0x0000000019c50000,0x0000000019d50000)]
  0x0000000002fdc000 JavaThread "Finalizer" daemon [_thread_blocked, id=25100, stack(0x00000000196c0000,0x00000000197c0000)]
  0x0000000002fd5800 JavaThread "Reference Handler" daemon [_thread_blocked, id=3948, stack(0x00000000195c0000,0x00000000196c0000)]
  0x0000000000dbd800 JavaThread "main" [_thread_blocked, id=19068, stack(0x0000000002a90000,0x0000000002b90000)]

Other Threads:
  0x0000000017e07000 VMThread [stack: 0x00000000194c0000,0x00000000195c0000] [id=12760]
  0x0000000017e5e800 WatcherThread [stack: 0x000000001a250000,0x000000001a350000] [id=8388]

VM state:not at safepoint (normal execution)

VM Mutex/Monitor currently owned by a thread: None

heap address: 0x0000000080000000, size: 2048 MB, Compressed Oops mode: 32-bit
Narrow klass base: 0x0000000000000000, Narrow klass shift: 3
Compressed class space size: 1073741824 Address: 0x0000000100000000

Heap:
 PSYoungGen      total 65024K, used 6137K [0x00000000d5580000, 0x00000000d9a80000, 0x0000000100000000)
  eden space 60416K, 2% used [0x00000000d5580000,0x00000000d5700070,0x00000000d9080000)
  from space 4608K, 99% used [0x00000000d9600000,0x00000000d9a7e640,0x00000000d9a80000)
  to   space 4608K, 0% used [0x00000000d9080000,0x00000000d9080000,0x00000000d9500000)
 ParOldGen       total 80896K, used 6094K [0x0000000080000000, 0x0000000084f00000, 0x00000000d5580000)
  object space 80896K, 7% used [0x0000000080000000,0x00000000805f3b00,0x0000000084f00000)
 Metaspace       used 16755K, capacity 17416K, committed 17664K, reserved 1064960K
  class space    used 2241K, capacity 2436K, committed 2560K, reserved 1048576K

Card table byte_map: [0x00000000123a0000,0x00000000127b0000] byte_map_base: 0x0000000011fa0000

Marking Bits: (ParMarkBitMap*) 0x00000000746af030
 Begin Bits: [0x0000000013060000, 0x0000000015060000)
 End Bits:   [0x0000000015060000, 0x0000000017060000)

Polling page: 0x0000000001260000

CodeCache: size=245760Kb used=5474Kb max_used=5474Kb free=240285Kb
 bounds [0x0000000002fe0000, 0x0000000003540000, 0x0000000011fe0000]
 total_blobs=1915 nmethods=1515 adapters=314
 compilation: enabled

Compilation events (10 events):
Event: 3.057 Thread 0x0000000017e52000 nmethod 1506 0x0000000003533590 code [0x0000000003533720, 0x0000000003533b78]
Event: 3.057 Thread 0x0000000017e52000 1507   !   4       java.net.URLClassLoader$1::run (63 bytes)
Event: 3.071 Thread 0x0000000017e5c000 1509   !   3       org.gradle.internal.classloader.TransformingClassLoader::findClass (203 bytes)
Event: 3.073 Thread 0x0000000017e5c000 nmethod 1509 0x0000000003533f10 code [0x00000000035343c0, 0x0000000003537178]
Event: 3.073 Thread 0x0000000017e5c000 1510       3       org.gradle.initialization.MixInLegacyTypesClassLoader::shouldTransform (42 bytes)
Event: 3.073 Thread 0x0000000017e5c000 nmethod 1510 0x000000000352fb90 code [0x000000000352fd20, 0x0000000003530178]
Event: 3.089 Thread 0x0000000017e5c000 1511       3       java.lang.Package::<init> (56 bytes)
Event: 3.089 Thread 0x0000000017e5c000 nmethod 1511 0x000000000352f710 code [0x000000000352f860, 0x000000000352fad0]
Event: 3.113 Thread 0x0000000017e5c000 1513       3       java.util.zip.Inflater::finalize (5 bytes)
Event: 3.113 Thread 0x0000000017e5c000 nmethod 1513 0x000000000352f350 code [0x000000000352f4c0, 0x000000000352f668]

GC Heap History (8 events):
Event: 0.987 GC heap before
{Heap before GC invocations=1 (full 0):
 PSYoungGen      total 35328K, used 30720K [0x00000000d5580000, 0x00000000d7c80000, 0x0000000100000000)
  eden space 30720K, 100% used [0x00000000d5580000,0x00000000d7380000,0x00000000d7380000)
  from space 4608K, 0% used [0x00000000d7800000,0x00000000d7800000,0x00000000d7c80000)
  to   space 4608K, 0% used [0x00000000d7380000,0x00000000d7380000,0x00000000d7800000)
 ParOldGen       total 80896K, used 0K [0x0000000080000000, 0x0000000084f00000, 0x00000000d5580000)
  object space 80896K, 0% used [0x0000000080000000,0x0000000080000000,0x0000000084f00000)
 Metaspace       used 7558K, capacity 7914K, committed 8064K, reserved 1056768K
  class space    used 935K, capacity 1041K, committed 1152K, reserved 1048576K
Event: 0.999 GC heap after
Heap after GC invocations=1 (full 0):
 PSYoungGen      total 35328K, used 4592K [0x00000000d5580000, 0x00000000d9a80000, 0x0000000100000000)
  eden space 30720K, 0% used [0x00000000d5580000,0x00000000d5580000,0x00000000d7380000)
  from space 4608K, 99% used [0x00000000d7380000,0x00000000d77fc360,0x00000000d7800000)
  to   space 4608K, 0% used [0x00000000d9600000,0x00000000d9600000,0x00000000d9a80000)
 ParOldGen       total 80896K, used 131K [0x0000000080000000, 0x0000000084f00000, 0x00000000d5580000)
  object space 80896K, 0% used [0x0000000080000000,0x0000000080020cb8,0x0000000084f00000)
 Metaspace       used 7558K, capacity 7914K, committed 8064K, reserved 1056768K
  class space    used 935K, capacity 1041K, committed 1152K, reserved 1048576K
}
Event: 1.420 GC heap before
{Heap before GC invocations=2 (full 0):
 PSYoungGen      total 35328K, used 35312K [0x00000000d5580000, 0x00000000d9a80000, 0x0000000100000000)
  eden space 30720K, 100% used [0x00000000d5580000,0x00000000d7380000,0x00000000d7380000)
  from space 4608K, 99% used [0x00000000d7380000,0x00000000d77fc360,0x00000000d7800000)
  to   space 4608K, 0% used [0x00000000d9600000,0x00000000d9600000,0x00000000d9a80000)
 ParOldGen       total 80896K, used 131K [0x0000000080000000, 0x0000000084f00000, 0x00000000d5580000)
  object space 80896K, 0% used [0x0000000080000000,0x0000000080020cb8,0x0000000084f00000)
 Metaspace       used 7793K, capacity 8106K, committed 8320K, reserved 1056768K
  class space    used 945K, capacity 1041K, committed 1152K, reserved 1048576K
Event: 1.424 GC heap after
Heap after GC invocations=2 (full 0):
 PSYoungGen      total 34304K, used 3431K [0x00000000d5580000, 0x00000000d9980000, 0x0000000100000000)
  eden space 30720K, 0% used [0x00000000d5580000,0x00000000d5580000,0x00000000d7380000)
  from space 3584K, 95% used [0x00000000d9600000,0x00000000d9959e00,0x00000000d9980000)
  to   space 4608K, 0% used [0x00000000d9080000,0x00000000d9080000,0x00000000d9500000)
 ParOldGen       total 80896K, used 139K [0x0000000080000000, 0x0000000084f00000, 0x00000000d5580000)
  object space 80896K, 0% used [0x0000000080000000,0x0000000080022cb8,0x0000000084f00000)
 Metaspace       used 7793K, capacity 8106K, committed 8320K, reserved 1056768K
  class space    used 945K, capacity 1041K, committed 1152K, reserved 1048576K
}
Event: 1.748 GC heap before
{Heap before GC invocations=3 (full 0):
 PSYoungGen      total 34304K, used 34151K [0x00000000d5580000, 0x00000000d9980000, 0x0000000100000000)
  eden space 30720K, 100% used [0x00000000d5580000,0x00000000d7380000,0x00000000d7380000)
  from space 3584K, 95% used [0x00000000d9600000,0x00000000d9959e00,0x00000000d9980000)
  to   space 4608K, 0% used [0x00000000d9080000,0x00000000d9080000,0x00000000d9500000)
 ParOldGen       total 80896K, used 139K [0x0000000080000000, 0x0000000084f00000, 0x00000000d5580000)
  object space 80896K, 0% used [0x0000000080000000,0x0000000080022cb8,0x0000000084f00000)
 Metaspace       used 9980K, capacity 10314K, committed 10496K, reserved 1058816K
  class space    used 1324K, capacity 1417K, committed 1536K, reserved 1048576K
Event: 1.753 GC heap after
Heap after GC invocations=3 (full 0):
 PSYoungGen      total 65024K, used 4585K [0x00000000d5580000, 0x00000000d9a80000, 0x0000000100000000)
  eden space 60416K, 0% used [0x00000000d5580000,0x00000000d5580000,0x00000000d9080000)
  from space 4608K, 99% used [0x00000000d9080000,0x00000000d94fa630,0x00000000d9500000)
  to   space 4608K, 0% used [0x00000000d9600000,0x00000000d9600000,0x00000000d9a80000)
 ParOldGen       total 80896K, used 827K [0x0000000080000000, 0x0000000084f00000, 0x00000000d5580000)
  object space 80896K, 1% used [0x0000000080000000,0x00000000800ced58,0x0000000084f00000)
 Metaspace       used 9980K, capacity 10314K, committed 10496K, reserved 1058816K
  class space    used 1324K, capacity 1417K, committed 1536K, reserved 1048576K
}
Event: 3.099 GC heap before
{Heap before GC invocations=4 (full 0):
 PSYoungGen      total 65024K, used 65001K [0x00000000d5580000, 0x00000000d9a80000, 0x0000000100000000)
  eden space 60416K, 100% used [0x00000000d5580000,0x00000000d9080000,0x00000000d9080000)
  from space 4608K, 99% used [0x00000000d9080000,0x00000000d94fa630,0x00000000d9500000)
  to   space 4608K, 0% used [0x00000000d9600000,0x00000000d9600000,0x00000000d9a80000)
 ParOldGen       total 80896K, used 827K [0x0000000080000000, 0x0000000084f00000, 0x00000000d5580000)
  object space 80896K, 1% used [0x0000000080000000,0x00000000800ced58,0x0000000084f00000)
 Metaspace       used 16705K, capacity 17416K, committed 17664K, reserved 1064960K
  class space    used 2233K, capacity 2436K, committed 2560K, reserved 1048576K
Event: 3.112 GC heap after
Heap after GC invocations=4 (full 0):
 PSYoungGen      total 65024K, used 4601K [0x00000000d5580000, 0x00000000d9a80000, 0x0000000100000000)
  eden space 60416K, 0% used [0x00000000d5580000,0x00000000d5580000,0x00000000d9080000)
  from space 4608K, 99% used [0x00000000d9600000,0x00000000d9a7e640,0x00000000d9a80000)
  to   space 4608K, 0% used [0x00000000d9080000,0x00000000d9080000,0x00000000d9500000)
 ParOldGen       total 80896K, used 6094K [0x0000000080000000, 0x0000000084f00000, 0x00000000d5580000)
  object space 80896K, 7% used [0x0000000080000000,0x00000000805f3b00,0x0000000084f00000)
 Metaspace       used 16705K, capacity 17416K, committed 17664K, reserved 1064960K
  class space    used 2233K, capacity 2436K, committed 2560K, reserved 1048576K
}

Deoptimization events (10 events):
Event: 2.567 Thread 0x000000001bd58800 Uncommon trap: reason=bimorphic action=maybe_recompile pc=0x000000000329e864 method=java.util.HashMap.putVal(ILjava/lang/Object;Ljava/lang/Object;ZZ)Ljava/lang/Object; @ 253
Event: 2.567 Thread 0x000000001bd58800 Uncommon trap: reason=bimorphic action=maybe_recompile pc=0x000000000329e864 method=java.util.HashMap.putVal(ILjava/lang/Object;Ljava/lang/Object;ZZ)Ljava/lang/Object; @ 253
Event: 2.567 Thread 0x000000001bd58800 Uncommon trap: reason=bimorphic action=maybe_recompile pc=0x000000000329e864 method=java.util.HashMap.putVal(ILjava/lang/Object;Ljava/lang/Object;ZZ)Ljava/lang/Object; @ 253
Event: 2.567 Thread 0x000000001bd58800 Uncommon trap: reason=bimorphic action=maybe_recompile pc=0x000000000329e864 method=java.util.HashMap.putVal(ILjava/lang/Object;Ljava/lang/Object;ZZ)Ljava/lang/Object; @ 253
Event: 2.799 Thread 0x000000001bd58800 Uncommon trap: reason=class_check action=maybe_recompile pc=0x000000000332019c method=java.util.regex.Matcher.match(II)Z @ 86
Event: 2.799 Thread 0x000000001bd58800 Uncommon trap: reason=class_check action=maybe_recompile pc=0x000000000332019c method=java.util.regex.Matcher.match(II)Z @ 86
Event: 2.799 Thread 0x000000001bd58800 Uncommon trap: reason=class_check action=maybe_recompile pc=0x000000000332019c method=java.util.regex.Matcher.match(II)Z @ 86
Event: 2.800 Thread 0x000000001bd58800 Uncommon trap: reason=class_check action=maybe_recompile pc=0x00000000031a33dc method=java.util.regex.Matcher.match(II)Z @ 86
Event: 2.920 Thread 0x000000001bd58800 Uncommon trap: reason=unstable_if action=reinterpret pc=0x000000000331a7fc method=java.io.File.getName()Ljava/lang/String; @ 16
Event: 2.920 Thread 0x000000001bd58800 Uncommon trap: reason=unstable_if action=reinterpret pc=0x0000000003319030 method=java.lang.String.substring(I)Ljava/lang/String; @ 35

Classes redefined (0 events):
No events

Internal exceptions (10 events):
Event: 2.511 Thread 0x000000001ada0800 Exception <a 'java/lang/NoSuchMethodError': <clinit>> (0x00000000d5e14540) thrown at [C:\src\AOSP-openjdk-git\hotspot\src\share\vm\prims\jni.cpp, line 1615]
Event: 2.512 Thread 0x000000001ada0800 Exception <a 'java/lang/NoSuchMethodError': <clinit>> (0x00000000d5e1dc48) thrown at [C:\src\AOSP-openjdk-git\hotspot\src\share\vm\prims\jni.cpp, line 1615]
Event: 2.514 Thread 0x000000001ada0800 Exception <a 'java/lang/NoSuchMethodError': <clinit>> (0x00000000d5e322c8) thrown at [C:\src\AOSP-openjdk-git\hotspot\src\share\vm\prims\jni.cpp, line 1615]
Event: 2.523 Thread 0x000000001ada0800 Exception <a 'java/lang/NoSuchMethodError': <clinit>> (0x00000000d5ea0630) thrown at [C:\src\AOSP-openjdk-git\hotspot\src\share\vm\prims\jni.cpp, line 1615]
Event: 2.532 Thread 0x000000001ada0800 Exception <a 'java/lang/NoSuchMethodError': <clinit>> (0x00000000d5edab98) thrown at [C:\src\AOSP-openjdk-git\hotspot\src\share\vm\prims\jni.cpp, line 1615]
Event: 2.537 Thread 0x000000001ada0800 Exception <a 'java/lang/NoSuchMethodError': <clinit>> (0x00000000d5f10930) thrown at [C:\src\AOSP-openjdk-git\hotspot\src\share\vm\prims\jni.cpp, line 1615]
Event: 2.538 Thread 0x000000001ada0800 Exception <a 'java/lang/NoSuchMethodError': <clinit>> (0x00000000d5f1ce60) thrown at [C:\src\AOSP-openjdk-git\hotspot\src\share\vm\prims\jni.cpp, line 1615]
Event: 2.967 Thread 0x000000001bd58800 Exception <a 'java/lang/NoSuchMethodError': java.lang.Object.lambda$and$0(Ljava/util/function/Predicate;Ljava/lang/Object;)Z> (0x00000000d84f72b0) thrown at [C:\src\AOSP-openjdk-git\hotspot\src\share\vm\interpreter\linkResolver.cpp, line 620]
Event: 2.972 Thread 0x000000001bd58800 Exception <a 'java/lang/IncompatibleClassChangeError': Found class java.lang.Object, but interface was expected> (0x00000000d85075a8) thrown at [C:\src\AOSP-openjdk-git\hotspot\src\share\vm\interpreter\linkResolver.cpp, line 653]
Event: 2.975 Thread 0x000000001bd58800 Exception <a 'java/lang/NoSuchMethodError': java.lang.Object.lambda$or$2(Ljava/util/function/Predicate;Ljava/lang/Object;)Z> (0x00000000d850c0f8) thrown at [C:\src\AOSP-openjdk-git\hotspot\src\share\vm\interpreter\linkResolver.cpp, line 620]

Events (10 events):
Event: 3.118 loading class org/gradle/api/internal/artifacts/ivyservice/ivyresolve/ResolveIvyFactory
Event: 3.118 loading class org/gradle/api/internal/artifacts/ivyservice/ivyresolve/ResolveIvyFactory done
Event: 3.119 loading class org/gradle/api/internal/artifacts/ivyservice/projectmodule/ProjectDependencyResolver
Event: 3.119 loading class org/gradle/api/internal/artifacts/ivyservice/projectmodule/ProjectDependencyResolver done
Event: 3.120 loading class org/gradle/internal/resolve/resolver/ComponentMetaDataResolver
Event: 3.120 loading class org/gradle/internal/resolve/resolver/ComponentMetaDataResolver done
Event: 3.120 loading class org/gradle/internal/resolve/resolver/DependencyToComponentIdResolver
Event: 3.120 loading class org/gradle/internal/resolve/resolver/DependencyToComponentIdResolver done
Event: 3.121 loading class org/gradle/internal/resolve/resolver/ArtifactResolver
Event: 3.121 loading class org/gradle/internal/resolve/resolver/ArtifactResolver done


Dynamic libraries:
0x00007ff71d300000 - 0x00007ff71d331000 	C:\Program Files\Android\Android Studio\jre\bin\java.exe
0x00007ffcb1eb0000 - 0x00007ffcb20a5000 	C:\WINDOWS\SYSTEM32\ntdll.dll
0x00007ffcb0510000 - 0x00007ffcb05ce000 	C:\WINDOWS\System32\KERNEL32.DLL
0x00007ffcaf770000 - 0x00007ffcafa39000 	C:\WINDOWS\System32\KERNELBASE.dll
0x00007ffcb0030000 - 0x00007ffcb00dc000 	C:\WINDOWS\System32\ADVAPI32.dll
0x00007ffcb0f30000 - 0x00007ffcb0fce000 	C:\WINDOWS\System32\msvcrt.dll
0x00007ffcb05d0000 - 0x00007ffcb066b000 	C:\WINDOWS\System32\sechost.dll
0x00007ffcaff00000 - 0x00007ffcb002a000 	C:\WINDOWS\System32\RPCRT4.dll
0x00007ffcb0a60000 - 0x00007ffcb0c01000 	C:\WINDOWS\System32\USER32.dll
0x00007ffcaf6f0000 - 0x00007ffcaf712000 	C:\WINDOWS\System32\win32u.dll
0x00007ffcb18f0000 - 0x00007ffcb191b000 	C:\WINDOWS\System32\GDI32.dll
0x00007ffcafc90000 - 0x00007ffcafd9b000 	C:\WINDOWS\System32\gdi32full.dll
0x00007ffcafaf0000 - 0x00007ffcafb8d000 	C:\WINDOWS\System32\msvcp_win.dll
0x00007ffcafb90000 - 0x00007ffcafc90000 	C:\WINDOWS\System32\ucrtbase.dll
0x00007ffc9b9c0000 - 0x00007ffc9bc5a000 	C:\WINDOWS\WinSxS\amd64_microsoft.windows.common-controls_6595b64144ccf1df_6.0.19041.1110_none_60b5254171f9507e\COMCTL32.dll
0x00007ffcb00e0000 - 0x00007ffcb0110000 	C:\WINDOWS\System32\IMM32.DLL
0x0000000073d20000 - 0x0000000073df2000 	C:\Program Files\Android\Android Studio\jre\jre\bin\msvcr100.dll
0x0000000073ee0000 - 0x000000007472b000 	C:\Program Files\Android\Android Studio\jre\jre\bin\server\jvm.dll
0x00007ffcb0500000 - 0x00007ffcb0508000 	C:\WINDOWS\System32\PSAPI.DLL
0x00007ffcaaf10000 - 0x00007ffcaaf37000 	C:\WINDOWS\SYSTEM32\WINMM.dll
0x00007ffca71f0000 - 0x00007ffca71fa000 	C:\WINDOWS\SYSTEM32\VERSION.dll
0x00007ffc9c4a0000 - 0x00007ffc9c4a9000 	C:\WINDOWS\SYSTEM32\WSOCK32.dll
0x00007ffcb1770000 - 0x00007ffcb17db000 	C:\WINDOWS\System32\WS2_32.dll
0x00007ffca77c0000 - 0x00007ffca77cf000 	C:\Program Files\Android\Android Studio\jre\jre\bin\verify.dll
0x00007ffca7260000 - 0x00007ffca7289000 	C:\Program Files\Android\Android Studio\jre\jre\bin\java.dll
0x00007ffca7240000 - 0x00007ffca7256000 	C:\Program Files\Android\Android Studio\jre\jre\bin\zip.dll
0x00007ffcb1030000 - 0x00007ffcb176f000 	C:\WINDOWS\System32\SHELL32.dll
0x00007ffcad550000 - 0x00007ffcadce0000 	C:\WINDOWS\SYSTEM32\windows.storage.dll
0x00007ffcb01a0000 - 0x00007ffcb04f5000 	C:\WINDOWS\System32\combase.dll
0x00007ffcaefa0000 - 0x00007ffcaefcc000 	C:\WINDOWS\SYSTEM32\Wldp.dll
0x00007ffcb06d0000 - 0x00007ffcb077d000 	C:\WINDOWS\System32\SHCORE.dll
0x00007ffcb0fd0000 - 0x00007ffcb1025000 	C:\WINDOWS\System32\shlwapi.dll
0x00007ffcaf510000 - 0x00007ffcaf52f000 	C:\WINDOWS\SYSTEM32\profapi.dll
0x00007ffc9ec60000 - 0x00007ffc9ec7a000 	C:\Program Files\Android\Android Studio\jre\jre\bin\net.dll
0x00007ffcaecb0000 - 0x00007ffcaed1a000 	C:\WINDOWS\system32\mswsock.dll
0x00007ffc975f0000 - 0x00007ffc97603000 	C:\Program Files\Android\Android Studio\jre\jre\bin\nio.dll
0x00007ffc8c950000 - 0x00007ffc8c977000 	C:\Android_Avd_Gradle\.gradle\native\f6784746aeab05261644944871eae4fe03e0ef1612fff0a4a95f87b438bc6780\windows-amd64\native-platform.dll
0x00007ffc9ec50000 - 0x00007ffc9ec5d000 	C:\Program Files\Android\Android Studio\jre\jre\bin\management.dll
0x00007ffcaef00000 - 0x00007ffcaef18000 	C:\WINDOWS\SYSTEM32\CRYPTSP.dll
0x00007ffcae630000 - 0x00007ffcae664000 	C:\WINDOWS\system32\rsaenh.dll
0x00007ffcaf5d0000 - 0x00007ffcaf5f7000 	C:\WINDOWS\System32\bcrypt.dll
0x00007ffcaf4d0000 - 0x00007ffcaf4fe000 	C:\WINDOWS\SYSTEM32\USERENV.dll
0x00007ffcaf660000 - 0x00007ffcaf6e3000 	C:\WINDOWS\System32\bcryptprimitives.dll
0x00007ffcaefd0000 - 0x00007ffcaefdc000 	C:\WINDOWS\SYSTEM32\CRYPTBASE.dll
0x00007ffcae9a0000 - 0x00007ffcae9db000 	C:\WINDOWS\SYSTEM32\IPHLPAPI.DLL
0x00007ffcb0130000 - 0x00007ffcb0138000 	C:\WINDOWS\System32\NSI.dll
0x00007ffca78e0000 - 0x00007ffca78f7000 	C:\WINDOWS\SYSTEM32\dhcpcsvc6.DLL
0x00007ffca7af0000 - 0x00007ffca7b0d000 	C:\WINDOWS\SYSTEM32\dhcpcsvc.DLL
0x00007ffcae9e0000 - 0x00007ffcaeaac000 	C:\WINDOWS\SYSTEM32\DNSAPI.dll
0x00007ffca8560000 - 0x00007ffca856b000 	C:\WINDOWS\SYSTEM32\WINNSI.DLL

VM Arguments:
jvm_args: -Xmx2048m -Dfile.encoding=UTF-8 -Duser.country=KR -Duser.language=ko -Duser.variant 
java_command: org.gradle.launcher.daemon.bootstrap.GradleDaemon 6.5
java_class_path (initial): C:\Android_Avd_Gradle\.gradle\wrapper\dists\gradle-6.5-bin\6nifqtx7604sqp1q6g8wikw7p\gradle-6.5\lib\gradle-launcher-6.5.jar
Launcher Type: SUN_STANDARD

Environment Variables:
PATH=C:\Program Files (x86)\Common Files\Intel\Shared Libraries\redist\intel64\compiler;C:\Program Files (x86)\Common Files\Oracle\Java\javapath;C:\WINDOWS\system32;C:\WINDOWS;C:\WINDOWS\System32\Wbem;C:\WINDOWS\System32\WindowsPowerShell\v1.0\;C:\WINDOWS\System32\OpenSSH\;C:\Program Files\Git\cmd;C:\Users\bigri\AppData\Local\Microsoft\WindowsApps;C:\Program Files\Bandizip\;C:\Users\bigri\AppData\Local\GitHubDesktop\bin;
USERNAME=bigri
OS=Windows_NT
PROCESSOR_IDENTIFIER=AMD64 Family 23 Model 96 Stepping 1, AuthenticAMD



---------------  S Y S T E M  ---------------

OS: Windows 10.0 , 64 bit Build 19041 (10.0.19041.1202)

CPU:total 6 (initial active 6) (6 cores per cpu, 1 threads per core) family 23 model 96 stepping 1, cmov, cx8, fxsr, mmx, sse, sse2, sse3, ssse3, sse4.1, sse4.2, popcnt, avx, avx2, aes, clmul, mmxext, 3dnowpref, lzcnt, sse4a, tsc, tscinvbit, tscinv, bmi1

Memory: 4k page, physical 7729092k(466520k free), swap 31846340k(5360k free)

vm_info: OpenJDK 64-Bit Server VM (25.242-b01) for windows-amd64 JRE (1.8.0_242-release-1644-b01), built by "builder" with MS VC++ 10.0 (VS2010)

time: Thu Nov 04 19:12:23 2021
timezone: 대한민국 표준시
elapsed time: 3 seconds (0d 0h 0m 3s)

